<?xml version="1.0" encoding="UTF-8"?>
<!-- Generated by org.testng.reporters.JUnitReportReporter -->
<testsuite hostname="ASUS" failures="0" tests="1" name="jenkins_demo_Kalycito.DemoMainClass" time="10.335" errors="0" timestamp="2021-08-21T22:03:51 IST" skipped="0">
  <testcase classname="jenkins_demo_Kalycito.DemoMainClass" name="google_SampleTest" time="10.335"/>
  <system-out/>
</testsuite> <!-- jenkins_demo_Kalycito.DemoMainClass -->
